<?xml version="1.0" encoding="UTF-8"?>
<!-- Generated by org.testng.reporters.JUnitReportReporter -->
<testsuite hostname="LAPTOP-0HVVRE1F" failures="0" tests="1" name="kumar.cntact" time="0.016" errors="0" timestamp="2022-09-19T20:43:57 IST" skipped="0">
  <testcase classname="kumar.cntact" name="old" time="0.016"/>
  <system-out/>
</testsuite> <!-- kumar.cntact -->
